<?xml version="1.0" encoding="UTF-8"?>
<testsuite name="HackingTests" tests="1" skipped="0" failures="0" errors="0" timestamp="2024-04-23T17:27:52" hostname="DESKTOP-RFMHNHN" time="0.941">
  <properties/>
  <testcase name="start" classname="HackingTests" time="0.941"/>
  <system-out><![CDATA[?[1;31m
Start test 1?[0m
{"login":"superadmin","password":"NHzFOg"}
]]></system-out>
  <system-err><![CDATA[]]></system-err>
</testsuite>
